This file contains any messages produced by compilers while
running configure, to aid debugging if configure makes a mistake.

It was created by configure, which was
generated by GNU Autoconf 2.59.  Invocation command line was

  $ ./configure 

## --------- ##
## Platform. ##
## --------- ##

hostname = localhost
uname -m = i686
uname -r = 2.6.3-7mdk
uname -s = Linux
uname -v = #1 Wed Mar 17 15:56:42 CET 2004

/usr/bin/uname -p = unknown
/bin/uname -X     = unknown

/bin/arch              = i686
/usr/bin/arch -k       = unknown
/usr/convex/getsysinfo = unknown
hostinfo               = unknown
/bin/machine           = unknown
/usr/bin/oslevel       = unknown
/bin/universe          = unknown

PATH: /usr/bin
PATH: /bin
PATH: /usr/bin
PATH: /usr/local/bin
PATH: /usr/X11R6/bin/
PATH: /usr/java/jdk117_v1a/bin
PATH: /usr/games
PATH: /home/callanor/bin


## ----------- ##
## Core tests. ##
## ----------- ##

configure:1263: checking for a BSD-compatible install
configure:1318: result: /usr/bin/install -c
configure:1329: checking whether build environment is sane
configure:1372: result: yes
configure:1437: checking for gawk
configure:1453: found /usr/bin/gawk
configure:1463: result: gawk
configure:1473: checking whether make sets $(MAKE)
configure:1493: result: yes
configure:1793: creating ./config.status

## ---------------------- ##
## Running config.status. ##
## ---------------------- ##

This file was extended by config.status, which was
generated by GNU Autoconf 2.59.  Invocation command line was

  CONFIG_FILES    = 
  CONFIG_HEADERS  = 
  CONFIG_LINKS    = 
  CONFIG_COMMANDS = 
  $ ./config.status 

on localhost

config.status:691: creating Makefile
configure:2642: configuring in constsys
configure:2759: running /bin/sh './configure' --prefix=/usr/local  --cache-file=/dev/null --srcdir=.
configure:2642: configuring in mapico
configure:2759: running /bin/sh './configure' --prefix=/usr/local  --cache-file=/dev/null --srcdir=.
configure:2642: configuring in plugins
configure:2759: running /bin/sh './configure' --prefix=/usr/local  --cache-file=/dev/null --srcdir=.
configure:2642: configuring in asmapico
configure:2759: running /bin/sh './configure' --prefix=/usr/local  --cache-file=/dev/null --srcdir=.

## ---------------- ##
## Cache variables. ##
## ---------------- ##

ac_cv_env_build_alias_set=
ac_cv_env_build_alias_value=
ac_cv_env_host_alias_set=
ac_cv_env_host_alias_value=
ac_cv_env_target_alias_set=
ac_cv_env_target_alias_value=
ac_cv_path_install='/usr/bin/install -c'
ac_cv_prog_AWK=gawk
ac_cv_prog_make_make_set=yes

## ----------------- ##
## Output variables. ##
## ----------------- ##

ACLOCAL='${SHELL} /home/callanor/Main/PUJ/Tesis/MAPiCO/mapico2-0.0.1/missing --run aclocal-1.9'
AMTAR='${SHELL} /home/callanor/Main/PUJ/Tesis/MAPiCO/mapico2-0.0.1/missing --run tar'
AUTOCONF='${SHELL} /home/callanor/Main/PUJ/Tesis/MAPiCO/mapico2-0.0.1/missing --run autoconf'
AUTOHEADER='${SHELL} /home/callanor/Main/PUJ/Tesis/MAPiCO/mapico2-0.0.1/missing --run autoheader'
AUTOMAKE='${SHELL} /home/callanor/Main/PUJ/Tesis/MAPiCO/mapico2-0.0.1/missing --run automake-1.9'
AWK='gawk'
CYGPATH_W='echo'
DEFS='-DPACKAGE_NAME=\"\" -DPACKAGE_TARNAME=\"\" -DPACKAGE_VERSION=\"\" -DPACKAGE_STRING=\"\" -DPACKAGE_BUGREPORT=\"\" -DPACKAGE=\"mapico2\" -DVERSION=\"0.0.1\" '
ECHO_C=''
ECHO_N='-n'
ECHO_T=''
INSTALL_DATA='${INSTALL} -m 644'
INSTALL_PROGRAM='${INSTALL}'
INSTALL_SCRIPT='${INSTALL}'
INSTALL_STRIP_PROGRAM='${SHELL} $(install_sh) -c -s'
LIBOBJS=''
LIBS=''
LTLIBOBJS=''
MAKEINFO='${SHELL} /home/callanor/Main/PUJ/Tesis/MAPiCO/mapico2-0.0.1/missing --run makeinfo'
PACKAGE='mapico2'
PACKAGE_BUGREPORT=''
PACKAGE_NAME=''
PACKAGE_STRING=''
PACKAGE_TARNAME=''
PACKAGE_VERSION=''
PATH_SEPARATOR=':'
SET_MAKE=''
SHELL='/bin/sh'
STRIP=''
VERSION='0.0.1'
ac_ct_STRIP=''
am__leading_dot='.'
am__tar='${AMTAR} chof - "$$tardir"'
am__untar='${AMTAR} xf -'
bindir='${exec_prefix}/bin'
build_alias=''
datadir='${prefix}/share'
exec_prefix='${prefix}'
host_alias=''
includedir='${prefix}/include'
infodir='${prefix}/info'
install_sh='/home/callanor/Main/PUJ/Tesis/MAPiCO/mapico2-0.0.1/install-sh'
libdir='${exec_prefix}/lib'
libexecdir='${exec_prefix}/libexec'
localstatedir='${prefix}/var'
mandir='${prefix}/man'
mkdir_p='mkdir -p --'
oldincludedir='/usr/include'
prefix='/usr/local'
program_transform_name='s,x,x,'
sbindir='${exec_prefix}/sbin'
sharedstatedir='${prefix}/com'
subdirs=' constsys mapico plugins asmapico'
sysconfdir='${prefix}/etc'
target_alias=''

## ----------- ##
## confdefs.h. ##
## ----------- ##

#define PACKAGE "mapico2"
#define PACKAGE_BUGREPORT ""
#define PACKAGE_NAME ""
#define PACKAGE_STRING ""
#define PACKAGE_TARNAME ""
#define PACKAGE_VERSION ""
#define VERSION "0.0.1"

configure: exit 0
