This file contains any messages produced by compilers while
running configure, to aid debugging if configure makes a mistake.

It was created by configure, which was
generated by GNU Autoconf 2.59.  Invocation command line was

  $ ./configure --prefix=/usr/local --cache-file=/dev/null --srcdir=.

## --------- ##
## Platform. ##
## --------- ##

hostname = localhost
uname -m = i686
uname -r = 2.6.3-7mdk
uname -s = Linux
uname -v = #1 Wed Mar 17 15:56:42 CET 2004

/usr/bin/uname -p = unknown
/bin/uname -X     = unknown

/bin/arch              = i686
/usr/bin/arch -k       = unknown
/usr/convex/getsysinfo = unknown
hostinfo               = unknown
/bin/machine           = unknown
/usr/bin/oslevel       = unknown
/bin/universe          = unknown

PATH: /usr/bin
PATH: /bin
PATH: /usr/bin
PATH: /usr/local/bin
PATH: /usr/X11R6/bin/
PATH: /usr/java/jdk117_v1a/bin
PATH: /usr/games
PATH: /home/callanor/bin


## ----------- ##
## Core tests. ##
## ----------- ##

configure:1538: checking for a BSD-compatible install
configure:1593: result: /usr/bin/install -c
configure:1604: checking whether build environment is sane
configure:1647: result: yes
configure:1712: checking for gawk
configure:1728: found /usr/bin/gawk
configure:1738: result: gawk
configure:1748: checking whether make sets $(MAKE)
configure:1768: result: yes
configure:2014: checking build system type
configure:2032: result: i686-pc-linux-gnu
configure:2040: checking host system type
configure:2054: result: i686-pc-linux-gnu
configure:2074: checking for style of include used by make
configure:2102: result: GNU
configure:2173: checking for gcc
configure:2189: found /usr/bin/gcc
configure:2199: result: gcc
configure:2443: checking for C compiler version
configure:2446: gcc --version </dev/null >&5
gcc (GCC) 3.3.2 (Mandrake Linux 10.0 3.3.2-6mdk)
Copyright (C) 2003 Free Software Foundation, Inc.
This is free software; see the source for copying conditions.  There is NO
warranty; not even for MERCHANTABILITY or FITNESS FOR A PARTICULAR PURPOSE.

configure:2449: $? = 0
configure:2451: gcc -v </dev/null >&5
Reading specs from /usr/lib/gcc-lib/i586-mandrake-linux-gnu/3.3.2/specs
Configured with: ../configure --prefix=/usr --libdir=/usr/lib --with-slibdir=/lib --mandir=/usr/share/man --infodir=/usr/share/info --enable-shared --enable-threads=posix --disable-checking --enable-long-long --enable-__cxa_atexit --enable-clocale=gnu --enable-languages=c,c++,ada,f77,objc,java,pascal --host=i586-mandrake-linux-gnu --with-system-zlib
Thread model: posix
gcc version 3.3.2 (Mandrake Linux 10.0 3.3.2-6mdk)
configure:2454: $? = 0
configure:2456: gcc -V </dev/null >&5
gcc: `-V' option must have argument
configure:2459: $? = 1
configure:2482: checking for C compiler default output file name
configure:2485: gcc    conftest.c  >&5
configure:2488: $? = 0
configure:2534: result: a.out
configure:2539: checking whether the C compiler works
configure:2545: ./a.out
configure:2548: $? = 0
configure:2565: result: yes
configure:2572: checking whether we are cross compiling
configure:2574: result: no
configure:2577: checking for suffix of executables
configure:2579: gcc -o conftest    conftest.c  >&5
configure:2582: $? = 0
configure:2607: result: 
configure:2613: checking for suffix of object files
configure:2634: gcc -c   conftest.c >&5
configure:2637: $? = 0
configure:2659: result: o
configure:2663: checking whether we are using the GNU C compiler
configure:2687: gcc -c   conftest.c >&5
configure:2693: $? = 0
configure:2696: test -z 			 || test ! -s conftest.err
configure:2699: $? = 0
configure:2702: test -s conftest.o
configure:2705: $? = 0
configure:2718: result: yes
configure:2724: checking whether gcc accepts -g
configure:2745: gcc -c -g  conftest.c >&5
configure:2751: $? = 0
configure:2754: test -z 			 || test ! -s conftest.err
configure:2757: $? = 0
configure:2760: test -s conftest.o
configure:2763: $? = 0
configure:2774: result: yes
configure:2791: checking for gcc option to accept ANSI C
configure:2861: gcc  -c -g -O2  conftest.c >&5
configure:2867: $? = 0
configure:2870: test -z 			 || test ! -s conftest.err
configure:2873: $? = 0
configure:2876: test -s conftest.o
configure:2879: $? = 0
configure:2897: result: none needed
configure:2915: gcc -c -g -O2  conftest.c >&5
conftest.c:2: error: parse error before "me"
configure:2921: $? = 1
configure: failed program was:
| #ifndef __cplusplus
|   choke me
| #endif
configure:3053: checking dependency style of gcc
configure:3143: result: gcc3
configure:3160: checking for a sed that does not truncate output
configure:3214: result: /bin/sed
configure:3217: checking for egrep
configure:3227: result: grep -E
configure:3243: checking for ld used by gcc
configure:3310: result: /usr/bin/ld
configure:3319: checking if the linker (/usr/bin/ld) is GNU ld
configure:3334: result: yes
configure:3339: checking for /usr/bin/ld option to reload object files
configure:3346: result: -r
configure:3355: checking for BSD-compatible nm
configure:3397: result: /usr/bin/nm -B
configure:3401: checking whether ln -s works
configure:3405: result: yes
configure:3412: checking how to recognise dependent libraries
configure:3586: result: pass_all
configure:3799: checking how to run the C preprocessor
configure:3834: gcc -E  conftest.c
configure:3840: $? = 0
configure:3872: gcc -E  conftest.c
conftest.c:11:28: ac_nonexistent.h: No such file or directory
configure:3878: $? = 1
configure: failed program was:
| /* confdefs.h.  */
| 
| #define PACKAGE_NAME ""
| #define PACKAGE_TARNAME ""
| #define PACKAGE_VERSION ""
| #define PACKAGE_STRING ""
| #define PACKAGE_BUGREPORT ""
| #define PACKAGE "libCS"
| #define VERSION "0.0.1"
| /* end confdefs.h.  */
| #include <ac_nonexistent.h>
configure:3917: result: gcc -E
configure:3941: gcc -E  conftest.c
configure:3947: $? = 0
configure:3979: gcc -E  conftest.c
conftest.c:11:28: ac_nonexistent.h: No such file or directory
configure:3985: $? = 1
configure: failed program was:
| /* confdefs.h.  */
| 
| #define PACKAGE_NAME ""
| #define PACKAGE_TARNAME ""
| #define PACKAGE_VERSION ""
| #define PACKAGE_STRING ""
| #define PACKAGE_BUGREPORT ""
| #define PACKAGE "libCS"
| #define VERSION "0.0.1"
| /* end confdefs.h.  */
| #include <ac_nonexistent.h>
configure:4029: checking for ANSI C header files
configure:4054: gcc -c -g -O2  conftest.c >&5
configure:4060: $? = 0
configure:4063: test -z 			 || test ! -s conftest.err
configure:4066: $? = 0
configure:4069: test -s conftest.o
configure:4072: $? = 0
configure:4158: gcc -o conftest -g -O2   conftest.c  >&5
configure:4161: $? = 0
configure:4163: ./conftest
configure:4166: $? = 0
configure:4181: result: yes
configure:4205: checking for sys/types.h
configure:4221: gcc -c -g -O2  conftest.c >&5
configure:4227: $? = 0
configure:4230: test -z 			 || test ! -s conftest.err
configure:4233: $? = 0
configure:4236: test -s conftest.o
configure:4239: $? = 0
configure:4250: result: yes
configure:4205: checking for sys/stat.h
configure:4221: gcc -c -g -O2  conftest.c >&5
configure:4227: $? = 0
configure:4230: test -z 			 || test ! -s conftest.err
configure:4233: $? = 0
configure:4236: test -s conftest.o
configure:4239: $? = 0
configure:4250: result: yes
configure:4205: checking for stdlib.h
configure:4221: gcc -c -g -O2  conftest.c >&5
configure:4227: $? = 0
configure:4230: test -z 			 || test ! -s conftest.err
configure:4233: $? = 0
configure:4236: test -s conftest.o
configure:4239: $? = 0
configure:4250: result: yes
configure:4205: checking for string.h
configure:4221: gcc -c -g -O2  conftest.c >&5
configure:4227: $? = 0
configure:4230: test -z 			 || test ! -s conftest.err
configure:4233: $? = 0
configure:4236: test -s conftest.o
configure:4239: $? = 0
configure:4250: result: yes
configure:4205: checking for memory.h
configure:4221: gcc -c -g -O2  conftest.c >&5
configure:4227: $? = 0
configure:4230: test -z 			 || test ! -s conftest.err
configure:4233: $? = 0
configure:4236: test -s conftest.o
configure:4239: $? = 0
configure:4250: result: yes
configure:4205: checking for strings.h
configure:4221: gcc -c -g -O2  conftest.c >&5
configure:4227: $? = 0
configure:4230: test -z 			 || test ! -s conftest.err
configure:4233: $? = 0
configure:4236: test -s conftest.o
configure:4239: $? = 0
configure:4250: result: yes
configure:4205: checking for inttypes.h
configure:4221: gcc -c -g -O2  conftest.c >&5
configure:4227: $? = 0
configure:4230: test -z 			 || test ! -s conftest.err
configure:4233: $? = 0
configure:4236: test -s conftest.o
configure:4239: $? = 0
configure:4250: result: yes
configure:4205: checking for stdint.h
configure:4221: gcc -c -g -O2  conftest.c >&5
configure:4227: $? = 0
configure:4230: test -z 			 || test ! -s conftest.err
configure:4233: $? = 0
configure:4236: test -s conftest.o
configure:4239: $? = 0
configure:4250: result: yes
configure:4205: checking for unistd.h
configure:4221: gcc -c -g -O2  conftest.c >&5
configure:4227: $? = 0
configure:4230: test -z 			 || test ! -s conftest.err
configure:4233: $? = 0
configure:4236: test -s conftest.o
configure:4239: $? = 0
configure:4250: result: yes
configure:4276: checking dlfcn.h usability
configure:4288: gcc -c -g -O2  conftest.c >&5
configure:4294: $? = 0
configure:4297: test -z 			 || test ! -s conftest.err
configure:4300: $? = 0
configure:4303: test -s conftest.o
configure:4306: $? = 0
configure:4316: result: yes
configure:4320: checking dlfcn.h presence
configure:4330: gcc -E  conftest.c
configure:4336: $? = 0
configure:4356: result: yes
configure:4391: checking for dlfcn.h
configure:4398: result: yes
configure:4463: checking for g++
configure:4479: found /usr/bin/g++
configure:4489: result: g++
configure:4505: checking for C++ compiler version
configure:4508: g++ --version </dev/null >&5
g++ (GCC) 3.3.2 (Mandrake Linux 10.0 3.3.2-6mdk)
Copyright (C) 2003 Free Software Foundation, Inc.
This is free software; see the source for copying conditions.  There is NO
warranty; not even for MERCHANTABILITY or FITNESS FOR A PARTICULAR PURPOSE.

configure:4511: $? = 0
configure:4513: g++ -v </dev/null >&5
Reading specs from /usr/lib/gcc-lib/i586-mandrake-linux-gnu/3.3.2/specs
Configured with: ../configure --prefix=/usr --libdir=/usr/lib --with-slibdir=/lib --mandir=/usr/share/man --infodir=/usr/share/info --enable-shared --enable-threads=posix --disable-checking --enable-long-long --enable-__cxa_atexit --enable-clocale=gnu --enable-languages=c,c++,ada,f77,objc,java,pascal --host=i586-mandrake-linux-gnu --with-system-zlib
Thread model: posix
gcc version 3.3.2 (Mandrake Linux 10.0 3.3.2-6mdk)
configure:4516: $? = 0
configure:4518: g++ -V </dev/null >&5
g++: `-V' option must have argument
configure:4521: $? = 1
configure:4524: checking whether we are using the GNU C++ compiler
configure:4548: g++ -c   conftest.cc >&5
configure:4554: $? = 0
configure:4557: test -z 			 || test ! -s conftest.err
configure:4560: $? = 0
configure:4563: test -s conftest.o
configure:4566: $? = 0
configure:4579: result: yes
configure:4585: checking whether g++ accepts -g
configure:4606: g++ -c -g  conftest.cc >&5
configure:4612: $? = 0
configure:4615: test -z 			 || test ! -s conftest.err
configure:4618: $? = 0
configure:4621: test -s conftest.o
configure:4624: $? = 0
configure:4635: result: yes
configure:4677: g++ -c -g -O2  conftest.cc >&5
configure:4683: $? = 0
configure:4686: test -z 			 || test ! -s conftest.err
configure:4689: $? = 0
configure:4692: test -s conftest.o
configure:4695: $? = 0
configure:4721: g++ -c -g -O2  conftest.cc >&5
conftest.cc: In function `int main()':
conftest.cc:26: error: `exit' undeclared (first use this function)
conftest.cc:26: error: (Each undeclared identifier is reported only once for each function it appears in.)
configure:4727: $? = 1
configure: failed program was:
| /* confdefs.h.  */
| 
| #define PACKAGE_NAME ""
| #define PACKAGE_TARNAME ""
| #define PACKAGE_VERSION ""
| #define PACKAGE_STRING ""
| #define PACKAGE_BUGREPORT ""
| #define PACKAGE "libCS"
| #define VERSION "0.0.1"
| #define STDC_HEADERS 1
| #define HAVE_SYS_TYPES_H 1
| #define HAVE_SYS_STAT_H 1
| #define HAVE_STDLIB_H 1
| #define HAVE_STRING_H 1
| #define HAVE_MEMORY_H 1
| #define HAVE_STRINGS_H 1
| #define HAVE_INTTYPES_H 1
| #define HAVE_STDINT_H 1
| #define HAVE_UNISTD_H 1
| #define HAVE_DLFCN_H 1
| /* end confdefs.h.  */
| 
| int
| main ()
| {
| exit (42);
|   ;
|   return 0;
| }
configure:4677: g++ -c -g -O2  conftest.cc >&5
configure:4683: $? = 0
configure:4686: test -z 			 || test ! -s conftest.err
configure:4689: $? = 0
configure:4692: test -s conftest.o
configure:4695: $? = 0
configure:4721: g++ -c -g -O2  conftest.cc >&5
configure:4727: $? = 0
configure:4730: test -z 			 || test ! -s conftest.err
configure:4733: $? = 0
configure:4736: test -s conftest.o
configure:4739: $? = 0
configure:4764: checking dependency style of g++
configure:4854: result: gcc3
configure:4876: checking how to run the C++ preprocessor
configure:4907: g++ -E  conftest.cc
configure:4913: $? = 0
configure:4945: g++ -E  conftest.cc
conftest.cc:25:28: ac_nonexistent.h: No such file or directory
configure:4951: $? = 1
configure: failed program was:
| /* confdefs.h.  */
| 
| #define PACKAGE_NAME ""
| #define PACKAGE_TARNAME ""
| #define PACKAGE_VERSION ""
| #define PACKAGE_STRING ""
| #define PACKAGE_BUGREPORT ""
| #define PACKAGE "libCS"
| #define VERSION "0.0.1"
| #define STDC_HEADERS 1
| #define HAVE_SYS_TYPES_H 1
| #define HAVE_SYS_STAT_H 1
| #define HAVE_STDLIB_H 1
| #define HAVE_STRING_H 1
| #define HAVE_MEMORY_H 1
| #define HAVE_STRINGS_H 1
| #define HAVE_INTTYPES_H 1
| #define HAVE_STDINT_H 1
| #define HAVE_UNISTD_H 1
| #define HAVE_DLFCN_H 1
| #ifdef __cplusplus
| extern "C" void std::exit (int) throw (); using std::exit;
| #endif
| /* end confdefs.h.  */
| #include <ac_nonexistent.h>
configure:4990: result: g++ -E
configure:5014: g++ -E  conftest.cc
configure:5020: $? = 0
configure:5052: g++ -E  conftest.cc
conftest.cc:25:28: ac_nonexistent.h: No such file or directory
configure:5058: $? = 1
configure: failed program was:
| /* confdefs.h.  */
| 
| #define PACKAGE_NAME ""
| #define PACKAGE_TARNAME ""
| #define PACKAGE_VERSION ""
| #define PACKAGE_STRING ""
| #define PACKAGE_BUGREPORT ""
| #define PACKAGE "libCS"
| #define VERSION "0.0.1"
| #define STDC_HEADERS 1
| #define HAVE_SYS_TYPES_H 1
| #define HAVE_SYS_STAT_H 1
| #define HAVE_STDLIB_H 1
| #define HAVE_STRING_H 1
| #define HAVE_MEMORY_H 1
| #define HAVE_STRINGS_H 1
| #define HAVE_INTTYPES_H 1
| #define HAVE_STDINT_H 1
| #define HAVE_UNISTD_H 1
| #define HAVE_DLFCN_H 1
| #ifdef __cplusplus
| extern "C" void std::exit (int) throw (); using std::exit;
| #endif
| /* end confdefs.h.  */
| #include <ac_nonexistent.h>
configure:5153: checking for g77
configure:5182: result: no
configure:5153: checking for f77
configure:5182: result: no
configure:5153: checking for xlf
configure:5182: result: no
configure:5153: checking for frt
configure:5182: result: no
configure:5153: checking for pgf77
configure:5182: result: no
configure:5153: checking for fort77
configure:5182: result: no
configure:5153: checking for fl32
configure:5182: result: no
configure:5153: checking for af77
configure:5182: result: no
configure:5153: checking for f90
configure:5182: result: no
configure:5153: checking for xlf90
configure:5182: result: no
configure:5153: checking for pgf90
configure:5182: result: no
configure:5153: checking for epcf90
configure:5182: result: no
configure:5153: checking for f95
configure:5182: result: no
configure:5153: checking for fort
configure:5182: result: no
configure:5153: checking for xlf95
configure:5182: result: no
configure:5153: checking for ifc
configure:5182: result: no
configure:5153: checking for efc
configure:5182: result: no
configure:5153: checking for pgf95
configure:5182: result: no
configure:5153: checking for lf95
configure:5182: result: no
configure:5153: checking for gfortran
configure:5182: result: no
configure:5197: checking for Fortran 77 compiler version
configure:5197:  --version </dev/null >&5
./configure: line 1: --version: command not found
configure:5200: $? = 127
configure:5202:  -v </dev/null >&5
./configure: line 1: -v: command not found
configure:5205: $? = 127
configure:5207:  -V </dev/null >&5
./configure: line 1: -V: command not found
configure:5210: $? = 127
configure:5218: checking whether we are using the GNU Fortran 77 compiler
configure:5232:  -c  conftest.F >&5
./configure: line 1: -c: command not found
configure:5238: $? = 127
configure: failed program was:
|       program main
| #ifndef __GNUC__
|        choke me
| #endif
| 
|       end
configure:5263: result: no
configure:5269: checking whether  accepts -g
configure:5281:  -c -g conftest.f >&5
./configure: line 1: -c: command not found
configure:5287: $? = 127
configure: failed program was:
|       program main
| 
|       end
configure:5311: result: no
configure:5341: checking the maximum length of command line arguments
configure:5406: result: 32768
configure:5417: checking command to parse /usr/bin/nm -B output from gcc object
configure:5506: gcc -c -g -O2  conftest.c >&5
configure:5509: $? = 0
configure:5513: /usr/bin/nm -B conftest.o \| sed -n -e 's/^.*[ 	]\([ABCDGIRSTW][ABCDGIRSTW]*\)[ 	][ 	]*\(\)\([_A-Za-z][_A-Za-z0-9]*\)$/\1 \2\3 \3/p' \> conftest.nm
configure:5516: $? = 0
configure:5568: gcc -o conftest -g -O2   conftest.c conftstm.o >&5
configure:5571: $? = 0
configure:5609: result: ok
configure:5613: checking for objdir
configure:5628: result: .libs
configure:5718: checking for ar
configure:5734: found /usr/bin/ar
configure:5745: result: ar
configure:5798: checking for ranlib
configure:5814: found /usr/bin/ranlib
configure:5825: result: ranlib
configure:5878: checking for strip
configure:5894: found /usr/bin/strip
configure:5905: result: strip
configure:6167: checking if gcc static flag  works
configure:6190: result: yes
configure:6208: checking if gcc supports -fno-rtti -fno-exceptions
configure:6229: gcc -c -g -O2  -fno-rtti -fno-exceptions conftest.c >&5
cc1: warning: "-fno-rtti" is valid for C++ but not for C/ObjC
configure:6233: $? = 0
configure:6241: result: no
configure:6256: checking for gcc option to produce PIC
configure:6433: result: -fPIC
configure:6441: checking if gcc PIC flag -fPIC works
configure:6462: gcc -c -g -O2  -fPIC -DPIC conftest.c >&5
configure:6466: $? = 0
configure:6474: result: yes
configure:6498: checking if gcc supports -c -o file.o
configure:6522: gcc -c -g -O2  -o out/conftest2.o conftest.c >&5
configure:6526: $? = 0
configure:6543: result: yes
configure:6569: checking whether the gcc linker (/usr/bin/ld) supports shared libraries
configure:7416: result: yes
configure:7442: checking whether -lc should be explicitly linked in
configure:7447: gcc -c -g -O2  conftest.c >&5
configure:7450: $? = 0
configure:7464: gcc -shared conftest.o  -v -Wl,-soname -Wl,conftest -o conftest 2\>\&1 \| grep  -lc  \>/dev/null 2\>\&1
configure:7467: $? = 0
configure:7479: result: no
configure:7487: checking dynamic linker characteristics
configure:8039: result: GNU/Linux ld.so
configure:8043: checking how to hardcode library paths into programs
configure:8068: result: immediate
configure:8082: checking whether stripping libraries is possible
configure:8087: result: yes
configure:8910: checking if libtool supports shared libraries
configure:8912: result: yes
configure:8915: checking whether to build shared libraries
configure:8973: result: yes
configure:8976: checking whether to build static libraries
configure:8980: result: yes
configure:9072: creating libtool
configure:9619: checking for ld used by g++
configure:9686: result: /usr/bin/ld
configure:9695: checking if the linker (/usr/bin/ld) is GNU ld
configure:9710: result: yes
configure:9761: checking whether the g++ linker (/usr/bin/ld) supports shared libraries
configure:10587: result: yes
configure:10605: g++ -c -g -O2  conftest.cc >&5
configure:10608: $? = 0
configure:10704: checking for g++ option to produce PIC
configure:10956: result: -fPIC
configure:10964: checking if g++ PIC flag -fPIC works
configure:10985: g++ -c -g -O2  -fPIC -DPIC conftest.cc >&5
configure:10989: $? = 0
configure:10997: result: yes
configure:11021: checking if g++ supports -c -o file.o
configure:11045: g++ -c -g -O2  -o out/conftest2.o conftest.cc >&5
configure:11049: $? = 0
configure:11066: result: yes
configure:11092: checking whether the g++ linker (/usr/bin/ld) supports shared libraries
configure:11120: result: yes
configure:11191: checking dynamic linker characteristics
configure:11743: result: GNU/Linux ld.so
configure:11747: checking how to hardcode library paths into programs
configure:11772: result: immediate
configure:11786: checking whether stripping libraries is possible
configure:11791: result: yes
configure:19048: checking for a BSD-compatible install
configure:19103: result: /usr/bin/install -c
configure:19167: checking for gcc
configure:19193: result: gcc
configure:19437: checking for C compiler version
configure:19440: gcc --version </dev/null >&5
gcc (GCC) 3.3.2 (Mandrake Linux 10.0 3.3.2-6mdk)
Copyright (C) 2003 Free Software Foundation, Inc.
This is free software; see the source for copying conditions.  There is NO
warranty; not even for MERCHANTABILITY or FITNESS FOR A PARTICULAR PURPOSE.

configure:19443: $? = 0
configure:19445: gcc -v </dev/null >&5
Reading specs from /usr/lib/gcc-lib/i586-mandrake-linux-gnu/3.3.2/specs
Configured with: ../configure --prefix=/usr --libdir=/usr/lib --with-slibdir=/lib --mandir=/usr/share/man --infodir=/usr/share/info --enable-shared --enable-threads=posix --disable-checking --enable-long-long --enable-__cxa_atexit --enable-clocale=gnu --enable-languages=c,c++,ada,f77,objc,java,pascal --host=i586-mandrake-linux-gnu --with-system-zlib
Thread model: posix
gcc version 3.3.2 (Mandrake Linux 10.0 3.3.2-6mdk)
configure:19448: $? = 0
configure:19450: gcc -V </dev/null >&5
gcc: `-V' option must have argument
configure:19453: $? = 1
configure:19456: checking whether we are using the GNU C compiler
configure:19511: result: yes
configure:19517: checking whether gcc accepts -g
configure:19567: result: yes
configure:19584: checking for gcc option to accept ANSI C
configure:19690: result: none needed
configure:19708: gcc -c -g -O2  conftest.c >&5
conftest.c:2: error: parse error before "me"
configure:19714: $? = 1
configure: failed program was:
| #ifndef __cplusplus
|   choke me
| #endif
configure:19846: checking dependency style of gcc
configure:19936: result: gcc3
configure:19954: checking whether make sets $(MAKE)
configure:19974: result: yes
configure:19984: checking for ANSI C header files
configure:20136: result: yes
configure:20271: creating ./config.status

## ---------------------- ##
## Running config.status. ##
## ---------------------- ##

This file was extended by config.status, which was
generated by GNU Autoconf 2.59.  Invocation command line was

  CONFIG_FILES    = 
  CONFIG_HEADERS  = 
  CONFIG_LINKS    = 
  CONFIG_COMMANDS = 
  $ ./config.status 

on localhost

config.status:753: creating Makefile
config.status:819: creating config.h
config.status:929: config.h is unchanged
config.status:1109: executing depfiles commands

## ---------------- ##
## Cache variables. ##
## ---------------- ##

ac_cv_build=i686-pc-linux-gnu
ac_cv_build_alias=i686-pc-linux-gnu
ac_cv_c_compiler_gnu=yes
ac_cv_cxx_compiler_gnu=yes
ac_cv_env_CC_set=
ac_cv_env_CC_value=
ac_cv_env_CFLAGS_set=
ac_cv_env_CFLAGS_value=
ac_cv_env_CPPFLAGS_set=
ac_cv_env_CPPFLAGS_value=
ac_cv_env_CPP_set=
ac_cv_env_CPP_value=
ac_cv_env_CXXCPP_set=
ac_cv_env_CXXCPP_value=
ac_cv_env_CXXFLAGS_set=
ac_cv_env_CXXFLAGS_value=
ac_cv_env_CXX_set=
ac_cv_env_CXX_value=
ac_cv_env_F77_set=
ac_cv_env_F77_value=
ac_cv_env_FFLAGS_set=
ac_cv_env_FFLAGS_value=
ac_cv_env_LDFLAGS_set=
ac_cv_env_LDFLAGS_value=
ac_cv_env_build_alias_set=
ac_cv_env_build_alias_value=
ac_cv_env_host_alias_set=
ac_cv_env_host_alias_value=
ac_cv_env_target_alias_set=
ac_cv_env_target_alias_value=
ac_cv_exeext=
ac_cv_f77_compiler_gnu=no
ac_cv_header_dlfcn_h=yes
ac_cv_header_inttypes_h=yes
ac_cv_header_memory_h=yes
ac_cv_header_stdc=yes
ac_cv_header_stdint_h=yes
ac_cv_header_stdlib_h=yes
ac_cv_header_string_h=yes
ac_cv_header_strings_h=yes
ac_cv_header_sys_stat_h=yes
ac_cv_header_sys_types_h=yes
ac_cv_header_unistd_h=yes
ac_cv_host=i686-pc-linux-gnu
ac_cv_host_alias=i686-pc-linux-gnu
ac_cv_objext=o
ac_cv_path_install='/usr/bin/install -c'
ac_cv_prog_AWK=gawk
ac_cv_prog_CPP='gcc -E'
ac_cv_prog_CXXCPP='g++ -E'
ac_cv_prog_ac_ct_AR=ar
ac_cv_prog_ac_ct_CC=gcc
ac_cv_prog_ac_ct_CXX=g++
ac_cv_prog_ac_ct_RANLIB=ranlib
ac_cv_prog_ac_ct_STRIP=strip
ac_cv_prog_cc_g=yes
ac_cv_prog_cc_stdc=
ac_cv_prog_cxx_g=yes
ac_cv_prog_egrep='grep -E'
ac_cv_prog_f77_g=no
ac_cv_prog_make_make_set=yes
am_cv_CC_dependencies_compiler_type=gcc3
am_cv_CXX_dependencies_compiler_type=gcc3
lt_cv_deplibs_check_method=pass_all
lt_cv_file_magic_cmd='$MAGIC_CMD'
lt_cv_file_magic_test_file=
lt_cv_ld_reload_flag=-r
lt_cv_objdir=.libs
lt_cv_path_LD=/usr/bin/ld
lt_cv_path_LDCXX=/usr/bin/ld
lt_cv_path_NM='/usr/bin/nm -B'
lt_cv_path_SED=/bin/sed
lt_cv_prog_compiler_c_o=yes
lt_cv_prog_compiler_c_o_CXX=yes
lt_cv_prog_compiler_rtti_exceptions=no
lt_cv_prog_gnu_ld=yes
lt_cv_prog_gnu_ldcxx=yes
lt_cv_sys_global_symbol_pipe='sed -n -e '\''s/^.*[ 	]\([ABCDGIRSTW][ABCDGIRSTW]*\)[ 	][ 	]*\(\)\([_A-Za-z][_A-Za-z0-9]*\)$/\1 \2\3 \3/p'\'''
lt_cv_sys_global_symbol_to_c_name_address='sed -n -e '\''s/^: \([^ ]*\) $/  {\"\1\", (lt_ptr) 0},/p'\'' -e '\''s/^[BCDEGRST] \([^ ]*\) \([^ ]*\)$/  {"\2", (lt_ptr) \&\2},/p'\'''
lt_cv_sys_global_symbol_to_cdecl='sed -n -e '\''s/^. .* \(.*\)$/extern int \1;/p'\'''
lt_cv_sys_max_cmd_len=32768
lt_lt_cv_prog_compiler_c_o='"yes"'
lt_lt_cv_prog_compiler_c_o_CXX='"yes"'
lt_lt_cv_sys_global_symbol_pipe='"sed -n -e '\''s/^.*[ 	]\\([ABCDGIRSTW][ABCDGIRSTW]*\\)[ 	][ 	]*\\(\\)\\([_A-Za-z][_A-Za-z0-9]*\\)\$/\\1 \\2\\3 \\3/p'\''"'
lt_lt_cv_sys_global_symbol_to_c_name_address='"sed -n -e '\''s/^: \\([^ ]*\\) \$/  {\\\"\\1\\\", (lt_ptr) 0},/p'\'' -e '\''s/^[BCDEGRST] \\([^ ]*\\) \\([^ ]*\\)\$/  {\"\\2\", (lt_ptr) \\&\\2},/p'\''"'
lt_lt_cv_sys_global_symbol_to_cdecl='"sed -n -e '\''s/^. .* \\(.*\\)\$/extern int \\1;/p'\''"'

## ----------------- ##
## Output variables. ##
## ----------------- ##

ACLOCAL='${SHELL} /home/callanor/Main/PUJ/Tesis/MAPiCO/mapico2-0.0.1/missing --run aclocal-1.9'
AMDEPBACKSLASH='\'
AMDEP_FALSE='#'
AMDEP_TRUE=''
AMTAR='${SHELL} /home/callanor/Main/PUJ/Tesis/MAPiCO/mapico2-0.0.1/missing --run tar'
AR='ar'
AUTOCONF='${SHELL} /home/callanor/Main/PUJ/Tesis/MAPiCO/mapico2-0.0.1/missing --run autoconf'
AUTOHEADER='${SHELL} /home/callanor/Main/PUJ/Tesis/MAPiCO/mapico2-0.0.1/missing --run autoheader'
AUTOMAKE='${SHELL} /home/callanor/Main/PUJ/Tesis/MAPiCO/mapico2-0.0.1/missing --run automake-1.9'
AWK='gawk'
CC='gcc'
CCDEPMODE='depmode=gcc3'
CFLAGS='-g -O2'
CPP='gcc -E'
CPPFLAGS=''
CXX='g++'
CXXCPP='g++ -E'
CXXDEPMODE='depmode=gcc3'
CXXFLAGS='-g -O2'
CYGPATH_W='echo'
DEFS='-DHAVE_CONFIG_H'
DEPDIR='.deps'
ECHO='echo'
ECHO_C=''
ECHO_N='-n'
ECHO_T=''
EGREP='grep -E'
EXEEXT=''
F77=''
FFLAGS=''
INSTALL_DATA='${INSTALL} -m 644'
INSTALL_PROGRAM='${INSTALL}'
INSTALL_SCRIPT='${INSTALL}'
INSTALL_STRIP_PROGRAM='${SHELL} $(install_sh) -c -s'
LDFLAGS=''
LIBOBJS=''
LIBS=''
LIBTOOL='$(SHELL) $(top_builddir)/libtool'
LN_S='ln -s'
LTLIBOBJS=''
MAKEINFO='${SHELL} /home/callanor/Main/PUJ/Tesis/MAPiCO/mapico2-0.0.1/missing --run makeinfo'
OBJEXT='o'
PACKAGE='libCS'
PACKAGE_BUGREPORT=''
PACKAGE_NAME=''
PACKAGE_STRING=''
PACKAGE_TARNAME=''
PACKAGE_VERSION=''
PATH_SEPARATOR=':'
RANLIB='ranlib'
SET_MAKE=''
SHELL='/bin/sh'
STRIP='strip'
VERSION='0.0.1'
ac_ct_AR='ar'
ac_ct_CC='gcc'
ac_ct_CXX='g++'
ac_ct_F77=''
ac_ct_RANLIB='ranlib'
ac_ct_STRIP='strip'
am__fastdepCC_FALSE='#'
am__fastdepCC_TRUE=''
am__fastdepCXX_FALSE='#'
am__fastdepCXX_TRUE=''
am__include='include'
am__leading_dot='.'
am__quote=''
am__tar='${AMTAR} chof - "$$tardir"'
am__untar='${AMTAR} xf -'
bindir='${exec_prefix}/bin'
build='i686-pc-linux-gnu'
build_alias=''
build_cpu='i686'
build_os='linux-gnu'
build_vendor='pc'
datadir='${prefix}/share'
exec_prefix='${prefix}'
host='i686-pc-linux-gnu'
host_alias=''
host_cpu='i686'
host_os='linux-gnu'
host_vendor='pc'
includedir='${prefix}/include'
infodir='${prefix}/info'
install_sh='/home/callanor/Main/PUJ/Tesis/MAPiCO/mapico2-0.0.1/install-sh'
libdir='${exec_prefix}/lib'
libexecdir='${exec_prefix}/libexec'
localstatedir='${prefix}/var'
mandir='${prefix}/man'
mkdir_p='mkdir -p --'
oldincludedir='/usr/include'
prefix='/usr/local'
program_transform_name='s,x,x,'
sbindir='${exec_prefix}/sbin'
sharedstatedir='${prefix}/com'
sysconfdir='${prefix}/etc'
target_alias=''

## ----------- ##
## confdefs.h. ##
## ----------- ##

#define HAVE_DLFCN_H 1
#define HAVE_INTTYPES_H 1
#define HAVE_MEMORY_H 1
#define HAVE_STDINT_H 1
#define HAVE_STDLIB_H 1
#define HAVE_STRINGS_H 1
#define HAVE_STRING_H 1
#define HAVE_SYS_STAT_H 1
#define HAVE_SYS_TYPES_H 1
#define HAVE_UNISTD_H 1
#define PACKAGE "libCS"
#define PACKAGE_BUGREPORT ""
#define PACKAGE_NAME ""
#define PACKAGE_STRING ""
#define PACKAGE_TARNAME ""
#define PACKAGE_VERSION ""
#define STDC_HEADERS 1
#define STDC_HEADERS 1
#define VERSION "0.0.1"
#endif
#ifdef __cplusplus
extern "C" void std::exit (int) throw (); using std::exit;

configure: exit 0
