This file contains any messages produced by compilers while
running configure, to aid debugging if configure makes a mistake.

It was created by configure, which was
generated by GNU Autoconf 2.59.  Invocation command line was

  $ ./configure --prefix=/usr/local --cache-file=/dev/null --srcdir=.

## --------- ##
## Platform. ##
## --------- ##

hostname = localhost
uname -m = i686
uname -r = 2.6.3-7mdk
uname -s = Linux
uname -v = #1 Wed Mar 17 15:56:42 CET 2004

/usr/bin/uname -p = unknown
/bin/uname -X     = unknown

/bin/arch              = i686
/usr/bin/arch -k       = unknown
/usr/convex/getsysinfo = unknown
hostinfo               = unknown
/bin/machine           = unknown
/usr/bin/oslevel       = unknown
/bin/universe          = unknown

PATH: /usr/bin
PATH: /bin
PATH: /usr/bin
PATH: /usr/local/bin
PATH: /usr/X11R6/bin/
PATH: /usr/java/jdk117_v1a/bin
PATH: /usr/games
PATH: /home/callanor/bin


## ----------- ##
## Core tests. ##
## ----------- ##

configure:1282: checking for a BSD-compatible install
configure:1337: result: /usr/bin/install -c
configure:1401: checking for gcc
configure:1417: found /usr/bin/gcc
configure:1427: result: gcc
configure:1671: checking for C compiler version
configure:1674: gcc --version </dev/null >&5
gcc (GCC) 3.3.2 (Mandrake Linux 10.0 3.3.2-6mdk)
Copyright (C) 2003 Free Software Foundation, Inc.
This is free software; see the source for copying conditions.  There is NO
warranty; not even for MERCHANTABILITY or FITNESS FOR A PARTICULAR PURPOSE.

configure:1677: $? = 0
configure:1679: gcc -v </dev/null >&5
Reading specs from /usr/lib/gcc-lib/i586-mandrake-linux-gnu/3.3.2/specs
Configured with: ../configure --prefix=/usr --libdir=/usr/lib --with-slibdir=/lib --mandir=/usr/share/man --infodir=/usr/share/info --enable-shared --enable-threads=posix --disable-checking --enable-long-long --enable-__cxa_atexit --enable-clocale=gnu --enable-languages=c,c++,ada,f77,objc,java,pascal --host=i586-mandrake-linux-gnu --with-system-zlib
Thread model: posix
gcc version 3.3.2 (Mandrake Linux 10.0 3.3.2-6mdk)
configure:1682: $? = 0
configure:1684: gcc -V </dev/null >&5
gcc: `-V' option must have argument
configure:1687: $? = 1
configure:1710: checking for C compiler default output file name
configure:1713: gcc    conftest.c  >&5
configure:1716: $? = 0
configure:1762: result: a.out
configure:1767: checking whether the C compiler works
configure:1773: ./a.out
configure:1776: $? = 0
configure:1793: result: yes
configure:1800: checking whether we are cross compiling
configure:1802: result: no
configure:1805: checking for suffix of executables
configure:1807: gcc -o conftest    conftest.c  >&5
configure:1810: $? = 0
configure:1835: result: 
configure:1841: checking for suffix of object files
configure:1862: gcc -c   conftest.c >&5
configure:1865: $? = 0
configure:1887: result: o
configure:1891: checking whether we are using the GNU C compiler
configure:1915: gcc -c   conftest.c >&5
configure:1921: $? = 0
configure:1924: test -z 			 || test ! -s conftest.err
configure:1927: $? = 0
configure:1930: test -s conftest.o
configure:1933: $? = 0
configure:1946: result: yes
configure:1952: checking whether gcc accepts -g
configure:1973: gcc -c -g  conftest.c >&5
configure:1979: $? = 0
configure:1982: test -z 			 || test ! -s conftest.err
configure:1985: $? = 0
configure:1988: test -s conftest.o
configure:1991: $? = 0
configure:2002: result: yes
configure:2019: checking for gcc option to accept ANSI C
configure:2089: gcc  -c -g -O2  conftest.c >&5
configure:2095: $? = 0
configure:2098: test -z 			 || test ! -s conftest.err
configure:2101: $? = 0
configure:2104: test -s conftest.o
configure:2107: $? = 0
configure:2125: result: none needed
configure:2143: gcc -c -g -O2  conftest.c >&5
conftest.c:2: error: parse error before "me"
configure:2149: $? = 1
configure: failed program was:
| #ifndef __cplusplus
|   choke me
| #endif
configure:2279: checking whether make sets $(MAKE)
configure:2299: result: yes
configure:2436: creating ./config.status

## ---------------------- ##
## Running config.status. ##
## ---------------------- ##

This file was extended by config.status, which was
generated by GNU Autoconf 2.59.  Invocation command line was

  CONFIG_FILES    = 
  CONFIG_HEADERS  = 
  CONFIG_LINKS    = 
  CONFIG_COMMANDS = 
  $ ./config.status 

on localhost

config.status:679: creating Makefile

## ---------------- ##
## Cache variables. ##
## ---------------- ##

ac_cv_c_compiler_gnu=yes
ac_cv_env_CC_set=
ac_cv_env_CC_value=
ac_cv_env_CFLAGS_set=
ac_cv_env_CFLAGS_value=
ac_cv_env_CPPFLAGS_set=
ac_cv_env_CPPFLAGS_value=
ac_cv_env_LDFLAGS_set=
ac_cv_env_LDFLAGS_value=
ac_cv_env_build_alias_set=
ac_cv_env_build_alias_value=
ac_cv_env_host_alias_set=
ac_cv_env_host_alias_value=
ac_cv_env_target_alias_set=
ac_cv_env_target_alias_value=
ac_cv_exeext=
ac_cv_objext=o
ac_cv_path_install='/usr/bin/install -c'
ac_cv_prog_ac_ct_CC=gcc
ac_cv_prog_cc_g=yes
ac_cv_prog_cc_stdc=
ac_cv_prog_make_make_set=yes

## ----------------- ##
## Output variables. ##
## ----------------- ##

CC='gcc'
CFLAGS='-g -O2'
CPPFLAGS=''
DEFS='-DPACKAGE_NAME=\"\" -DPACKAGE_TARNAME=\"\" -DPACKAGE_VERSION=\"\" -DPACKAGE_STRING=\"\" -DPACKAGE_BUGREPORT=\"\" '
ECHO_C=''
ECHO_N='-n'
ECHO_T=''
EXEEXT=''
INSTALL_DATA='${INSTALL} -m 644'
INSTALL_PROGRAM='${INSTALL}'
INSTALL_SCRIPT='${INSTALL}'
LDFLAGS=''
LIBOBJS=''
LIBS=''
LTLIBOBJS=''
OBJEXT='o'
PACKAGE_BUGREPORT=''
PACKAGE_NAME=''
PACKAGE_STRING=''
PACKAGE_TARNAME=''
PACKAGE_VERSION=''
PATH_SEPARATOR=':'
SET_MAKE=''
SHELL='/bin/sh'
ac_ct_CC='gcc'
bindir='${exec_prefix}/bin'
build_alias=''
datadir='${prefix}/share'
exec_prefix='${prefix}'
host_alias=''
includedir='${prefix}/include'
infodir='${prefix}/info'
libdir='${exec_prefix}/lib'
libexecdir='${exec_prefix}/libexec'
localstatedir='${prefix}/var'
mandir='${prefix}/man'
oldincludedir='/usr/include'
prefix='/usr/local'
program_transform_name='s,x,x,'
sbindir='${exec_prefix}/sbin'
sharedstatedir='${prefix}/com'
sysconfdir='${prefix}/etc'
target_alias=''

## ----------- ##
## confdefs.h. ##
## ----------- ##

#define PACKAGE_BUGREPORT ""
#define PACKAGE_NAME ""
#define PACKAGE_STRING ""
#define PACKAGE_TARNAME ""
#define PACKAGE_VERSION ""

configure: exit 0
