This file contains any messages produced by compilers while
running configure, to aid debugging if configure makes a mistake.

It was created by configure, which was
generated by GNU Autoconf 2.59.  Invocation command line was

  $ ./configure --prefix=/usr/local --cache-file=/dev/null --srcdir=.

## --------- ##
## Platform. ##
## --------- ##

hostname = localhost
uname -m = i686
uname -r = 2.6.3-7mdk
uname -s = Linux
uname -v = #1 Wed Mar 17 15:56:42 CET 2004

/usr/bin/uname -p = unknown
/bin/uname -X     = unknown

/bin/arch              = i686
/usr/bin/arch -k       = unknown
/usr/convex/getsysinfo = unknown
hostinfo               = unknown
/bin/machine           = unknown
/usr/bin/oslevel       = unknown
/bin/universe          = unknown

PATH: /usr/bin
PATH: /bin
PATH: /usr/bin
PATH: /usr/local/bin
PATH: /usr/X11R6/bin/
PATH: /usr/java/jdk117_v1a/bin
PATH: /usr/games
PATH: /home/callanor/bin


## ----------- ##
## Core tests. ##
## ----------- ##

configure:1302: checking for a BSD-compatible install
configure:1357: result: /usr/bin/install -c
configure:1368: checking whether build environment is sane
configure:1411: result: yes
configure:1476: checking for gawk
configure:1492: found /usr/bin/gawk
configure:1502: result: gawk
configure:1512: checking whether make sets $(MAKE)
configure:1532: result: yes
configure:1753: checking for gcc
configure:1769: found /usr/bin/gcc
configure:1779: result: gcc
configure:2023: checking for C compiler version
configure:2026: gcc --version </dev/null >&5
gcc (GCC) 3.3.2 (Mandrake Linux 10.0 3.3.2-6mdk)
Copyright (C) 2003 Free Software Foundation, Inc.
This is free software; see the source for copying conditions.  There is NO
warranty; not even for MERCHANTABILITY or FITNESS FOR A PARTICULAR PURPOSE.

configure:2029: $? = 0
configure:2031: gcc -v </dev/null >&5
Reading specs from /usr/lib/gcc-lib/i586-mandrake-linux-gnu/3.3.2/specs
Configured with: ../configure --prefix=/usr --libdir=/usr/lib --with-slibdir=/lib --mandir=/usr/share/man --infodir=/usr/share/info --enable-shared --enable-threads=posix --disable-checking --enable-long-long --enable-__cxa_atexit --enable-clocale=gnu --enable-languages=c,c++,ada,f77,objc,java,pascal --host=i586-mandrake-linux-gnu --with-system-zlib
Thread model: posix
gcc version 3.3.2 (Mandrake Linux 10.0 3.3.2-6mdk)
configure:2034: $? = 0
configure:2036: gcc -V </dev/null >&5
gcc: `-V' option must have argument
configure:2039: $? = 1
configure:2062: checking for C compiler default output file name
configure:2065: gcc    conftest.c  >&5
configure:2068: $? = 0
configure:2114: result: a.out
configure:2119: checking whether the C compiler works
configure:2125: ./a.out
configure:2128: $? = 0
configure:2145: result: yes
configure:2152: checking whether we are cross compiling
configure:2154: result: no
configure:2157: checking for suffix of executables
configure:2159: gcc -o conftest    conftest.c  >&5
configure:2162: $? = 0
configure:2187: result: 
configure:2193: checking for suffix of object files
configure:2214: gcc -c   conftest.c >&5
configure:2217: $? = 0
configure:2239: result: o
configure:2243: checking whether we are using the GNU C compiler
configure:2267: gcc -c   conftest.c >&5
configure:2273: $? = 0
configure:2276: test -z 			 || test ! -s conftest.err
configure:2279: $? = 0
configure:2282: test -s conftest.o
configure:2285: $? = 0
configure:2298: result: yes
configure:2304: checking whether gcc accepts -g
configure:2325: gcc -c -g  conftest.c >&5
configure:2331: $? = 0
configure:2334: test -z 			 || test ! -s conftest.err
configure:2337: $? = 0
configure:2340: test -s conftest.o
configure:2343: $? = 0
configure:2354: result: yes
configure:2371: checking for gcc option to accept ANSI C
configure:2441: gcc  -c -g -O2  conftest.c >&5
configure:2447: $? = 0
configure:2450: test -z 			 || test ! -s conftest.err
configure:2453: $? = 0
configure:2456: test -s conftest.o
configure:2459: $? = 0
configure:2477: result: none needed
configure:2495: gcc -c -g -O2  conftest.c >&5
conftest.c:2: error: parse error before "me"
configure:2501: $? = 1
configure: failed program was:
| #ifndef __cplusplus
|   choke me
| #endif
configure:2642: checking for style of include used by make
configure:2670: result: GNU
configure:2698: checking dependency style of gcc
configure:2788: result: gcc3
configure:2847: checking for xml2-config
configure:2865: found /usr/bin/xml2-config
configure:2878: result: /usr/bin/xml2-config
configure:2886: checking for libxml - version >= 2.6.6
configure:2993: gcc -o conftest -g -O2  -I/usr/include/libxml2  conftest.c -lxml2 -lz -lpthread -lm  >&5
configure:2996: $? = 0
configure:2998: ./conftest
configure:3001: $? = 0
configure:3020: result: yes (version 2.6.6)
configure:3111: checking whether make sets $(MAKE)
configure:3131: result: yes
configure:3282: creating ./config.status

## ---------------------- ##
## Running config.status. ##
## ---------------------- ##

This file was extended by config.status, which was
generated by GNU Autoconf 2.59.  Invocation command line was

  CONFIG_FILES    = 
  CONFIG_HEADERS  = 
  CONFIG_LINKS    = 
  CONFIG_COMMANDS = 
  $ ./config.status 

on localhost

config.status:721: creating Makefile
config.status:866: executing depfiles commands

## ---------------- ##
## Cache variables. ##
## ---------------- ##

ac_cv_c_compiler_gnu=yes
ac_cv_env_CC_set=
ac_cv_env_CC_value=
ac_cv_env_CFLAGS_set=
ac_cv_env_CFLAGS_value=
ac_cv_env_CPPFLAGS_set=
ac_cv_env_CPPFLAGS_value=
ac_cv_env_LDFLAGS_set=
ac_cv_env_LDFLAGS_value=
ac_cv_env_build_alias_set=
ac_cv_env_build_alias_value=
ac_cv_env_host_alias_set=
ac_cv_env_host_alias_value=
ac_cv_env_target_alias_set=
ac_cv_env_target_alias_value=
ac_cv_exeext=
ac_cv_objext=o
ac_cv_path_XML2_CONFIG=/usr/bin/xml2-config
ac_cv_path_install='/usr/bin/install -c'
ac_cv_prog_AWK=gawk
ac_cv_prog_ac_ct_CC=gcc
ac_cv_prog_cc_g=yes
ac_cv_prog_cc_stdc=
ac_cv_prog_make_make_set=yes
am_cv_CC_dependencies_compiler_type=gcc3

## ----------------- ##
## Output variables. ##
## ----------------- ##

ACLOCAL='${SHELL} /home/callanor/Main/PUJ/Tesis/MAPiCO/mapico2-0.0.1/missing --run aclocal-1.9'
AMDEPBACKSLASH='\'
AMDEP_FALSE='#'
AMDEP_TRUE=''
AMTAR='${SHELL} /home/callanor/Main/PUJ/Tesis/MAPiCO/mapico2-0.0.1/missing --run tar'
AUTOCONF='${SHELL} /home/callanor/Main/PUJ/Tesis/MAPiCO/mapico2-0.0.1/missing --run autoconf'
AUTOHEADER='${SHELL} /home/callanor/Main/PUJ/Tesis/MAPiCO/mapico2-0.0.1/missing --run autoheader'
AUTOMAKE='${SHELL} /home/callanor/Main/PUJ/Tesis/MAPiCO/mapico2-0.0.1/missing --run automake-1.9'
AWK='gawk'
CC='gcc'
CCDEPMODE='depmode=gcc3'
CFLAGS='-g -O2'
CPPFLAGS=''
CYGPATH_W='echo'
DEFS='-DPACKAGE_NAME=\"\" -DPACKAGE_TARNAME=\"\" -DPACKAGE_VERSION=\"\" -DPACKAGE_STRING=\"\" -DPACKAGE_BUGREPORT=\"\" -DPACKAGE=\"asmapico\" -DVERSION=\"0.0.1\" '
DEPDIR='.deps'
ECHO_C=''
ECHO_N='-n'
ECHO_T=''
EXEEXT=''
INSTALL_DATA='${INSTALL} -m 644'
INSTALL_PROGRAM='${INSTALL}'
INSTALL_SCRIPT='${INSTALL}'
INSTALL_STRIP_PROGRAM='${SHELL} $(install_sh) -c -s'
LDFLAGS=''
LIBOBJS=''
LIBS=''
LTLIBOBJS=''
MAKEINFO='${SHELL} /home/callanor/Main/PUJ/Tesis/MAPiCO/mapico2-0.0.1/missing --run makeinfo'
OBJEXT='o'
PACKAGE='asmapico'
PACKAGE_BUGREPORT=''
PACKAGE_NAME=''
PACKAGE_STRING=''
PACKAGE_TARNAME=''
PACKAGE_VERSION=''
PATH_SEPARATOR=':'
SET_MAKE=''
SHELL='/bin/sh'
STRIP=''
VERSION='0.0.1'
XML2_CONFIG='/usr/bin/xml2-config'
XML_CPPFLAGS='-I/usr/include/libxml2'
XML_LIBS='-lxml2 -lz -lpthread -lm'
ac_ct_CC='gcc'
ac_ct_STRIP=''
am__fastdepCC_FALSE='#'
am__fastdepCC_TRUE=''
am__include='include'
am__leading_dot='.'
am__quote=''
am__tar='${AMTAR} chof - "$$tardir"'
am__untar='${AMTAR} xf -'
bindir='${exec_prefix}/bin'
build_alias=''
datadir='${prefix}/share'
exec_prefix='${prefix}'
host_alias=''
includedir='${prefix}/include'
infodir='${prefix}/info'
install_sh='/home/callanor/Main/PUJ/Tesis/MAPiCO/mapico2-0.0.1/install-sh'
libdir='${exec_prefix}/lib'
libexecdir='${exec_prefix}/libexec'
localstatedir='${prefix}/var'
mandir='${prefix}/man'
mkdir_p='mkdir -p --'
oldincludedir='/usr/include'
prefix='/usr/local'
program_transform_name='s,x,x,'
sbindir='${exec_prefix}/sbin'
sharedstatedir='${prefix}/com'
sysconfdir='${prefix}/etc'
target_alias=''

## ----------- ##
## confdefs.h. ##
## ----------- ##

#define PACKAGE "asmapico"
#define PACKAGE_BUGREPORT ""
#define PACKAGE_NAME ""
#define PACKAGE_STRING ""
#define PACKAGE_TARNAME ""
#define PACKAGE_VERSION ""
#define VERSION "0.0.1"

configure: exit 0
